0 - Tue Dec 10 00:12:13 2024 - Listening for clients.
1 - Tue Dec 10 00:12:13 2024 - A new csv file is created or an existing file has been opened.
2 - Tue Dec 10 00:12:15 2024 - Sensor node 1 has opened a new connection.
3 - Tue Dec 10 00:12:15 2024 - Sensor node 1 with value: 19.800377 is inserted correctly to the buffer.
4 - Tue Dec 10 00:12:15 2024 - Data insertion from sensor with id 1 succeeded
5 - Tue Dec 10 00:12:17 2024 - Sensor node 1 with value: 19.845722 is inserted correctly to the buffer.
6 - Tue Dec 10 00:12:17 2024 - Data insertion from sensor with id 1 succeeded
7 - Tue Dec 10 00:12:18 2024 - Sensor node 2 has opened a new connection.
8 - Tue Dec 10 00:12:18 2024 - Sensor node 2 with value: 20.106580 is inserted correctly to the buffer.
9 - Tue Dec 10 00:12:18 2024 - Data insertion from sensor with id 2 succeeded
10 - Tue Dec 10 00:12:19 2024 - Sensor node 1 with value: 19.694317 is inserted correctly to the buffer.
11 - Tue Dec 10 00:12:19 2024 - Data insertion from sensor with id 1 succeeded
12 - Tue Dec 10 00:12:21 2024 - Sensor node 3 has opened a new connection.
13 - Tue Dec 10 00:12:21 2024 - Sensor node 3 with value: 19.912784 is inserted correctly to the buffer.
14 - Tue Dec 10 00:12:21 2024 - Max number of clients joined, waiting for them to disconnect
15 - Tue Dec 10 00:12:21 2024 - Data insertion from sensor with id 3 succeeded
16 - Tue Dec 10 00:12:21 2024 - Sensor node 1 with value: 19.827604 is inserted correctly to the buffer.
17 - Tue Dec 10 00:12:21 2024 - Data insertion from sensor with id 1 succeeded
18 - Tue Dec 10 00:12:22 2024 - Sensor node 3 has closed the connection.
19 - Tue Dec 10 00:12:23 2024 - Sensor node 2 with value: 20.208811 is inserted correctly to the buffer.
20 - Tue Dec 10 00:12:23 2024 - Data insertion from sensor with id 2 succeeded
21 - Tue Dec 10 00:12:23 2024 - Sensor node 1 with value: 19.859741 is inserted correctly to the buffer.
22 - Tue Dec 10 00:12:23 2024 - Data insertion from sensor with id 1 succeeded
23 - Tue Dec 10 00:12:25 2024 - Sensor node 2 has closed the connection.
24 - Tue Dec 10 00:12:25 2024 - Sensor node 1 with value: 20.074407 is inserted correctly to the buffer.
25 - Tue Dec 10 00:12:25 2024 - Data insertion from sensor with id 1 succeeded
26 - Tue Dec 10 00:12:27 2024 - Sensor node 1 has closed the connection.
27 - Tue Dec 10 00:12:27 2024 - DB file normally closed.
